Drill report for C:/Users/Jens/Desktop/temp/PI3CM/PI3CM.kicad_pcb
Created on 2017-05-08 11:26:02

Copper Layer Stackup:
    =============================================================
    L1 :  F.Cu                      front
    L2 :  In1.Cu                    inner1
    L3 :  In2.Cu                    inner2
    L4 :  B.Cu                      back


Drill file 'PI3CM.drl' contains
    plated through holes:
    =============================================================
    T1  0,30mm  0,012"  (36 holes)
    T2  0,33mm  0,013"  (127 holes)
    T3  0,40mm  0,016"  (136 holes)
    T4  0,50mm  0,020"  (2 holes)
    T5  0,60mm  0,024"  (5 holes)
    T6  0,80mm  0,031"  (2 holes)
    T7  1,00mm  0,039"  (108 holes)

    Total plated holes count 416


Drill file 'PI3CM-NPTH.drl' contains
    unplated through holes:
    =============================================================
    T1  1,10mm  0,043"  (1 hole)
    T2  1,60mm  0,063"  (1 hole)

    Total unplated holes count 2
